<?xml version="1.0" encoding="UTF-8"?>
<!-- Generated by org.testng.reporters.JUnitReportReporter -->
<testsuite skipped="0" hostname="Administator-PC" name="testngpackage001.NewTestNG001" tests="3" failures="0" timestamp="22 Dec 2018 16:11:18 GMT" time="0.036" errors="0">
  <testcase name="b" time="0.026" classname="testngpackage001.NewTestNG001"/>
  <testcase name="a" time="0.008" classname="testngpackage001.NewTestNG001"/>
  <testcase name="v" time="0.002" classname="testngpackage001.NewTestNG001"/>
</testsuite> <!-- testngpackage001.NewTestNG001 -->
